c:\users\zakrz\desktop\sc\labki\zadanie3\project1\project1\debug\logger.obj
c:\users\zakrz\desktop\sc\labki\zadanie3\project1\project1\debug\receivingstation.obj
c:\users\zakrz\desktop\sc\labki\zadanie3\project1\project1\debug\vc142.pdb
c:\users\zakrz\desktop\sc\labki\zadanie3\project1\project1\debug\vc142.idb
c:\users\zakrz\desktop\sc\labki\zadanie3\project1\project1\debug\retransmission_package.obj
c:\users\zakrz\desktop\sc\labki\zadanie3\project1\project1\debug\package.obj
c:\users\zakrz\desktop\sc\labki\zadanie3\project1\project1\debug\main.obj
c:\users\zakrz\desktop\sc\labki\zadanie3\project1\project1\debug\generate_package_event.obj
c:\users\zakrz\desktop\sc\labki\zadanie3\project1\project1\debug\difs_time_event.obj
c:\users\zakrz\desktop\sc\labki\zadanie3\project1\project1\debug\cpr_time_event.obj
c:\users\zakrz\desktop\sc\labki\zadanie3\project1\project1\debug\check_channel_event.obj
c:\users\zakrz\desktop\sc\labki\zadanie3\project1\project1\debug\ack_protocol_event.obj
c:\users\zakrz\desktop\sc\labki\zadanie3\project1\project1\debug\wirelessnetwork.obj
c:\users\zakrz\desktop\sc\labki\zadanie3\project1\project1\debug\event.obj
c:\users\zakrz\desktop\sc\labki\zadanie3\project1\project1\debug\end_transmission_event.obj
c:\users\zakrz\desktop\sc\labki\zadanie3\project1\project1\debug\simulator.obj
c:\users\zakrz\desktop\sc\labki\zadanie3\project1\project1\debug\basestation.obj
c:\users\zakrz\desktop\sc\labki\zadanie3\project1\project1\debug\channel.obj
c:\users\zakrz\desktop\sc\labki\zadanie3\project1\project1\debug\ack_protocol_event.obj.enc
c:\users\zakrz\desktop\sc\labki\zadanie3\project1\project1\debug\basestation.obj.enc
c:\users\zakrz\desktop\sc\labki\zadanie3\project1\project1\debug\channel.obj.enc
c:\users\zakrz\desktop\sc\labki\zadanie3\project1\project1\debug\check_channel_event.obj.enc
c:\users\zakrz\desktop\sc\labki\zadanie3\project1\project1\debug\cpr_time_event.obj.enc
c:\users\zakrz\desktop\sc\labki\zadanie3\project1\project1\debug\difs_time_event.obj.enc
c:\users\zakrz\desktop\sc\labki\zadanie3\project1\project1\debug\end_transmission_event.obj.enc
c:\users\zakrz\desktop\sc\labki\zadanie3\project1\project1\debug\generate_package_event.obj.enc
c:\users\zakrz\desktop\sc\labki\zadanie3\project1\project1\debug\main.obj.enc
c:\users\zakrz\desktop\sc\labki\zadanie3\project1\project1\debug\retransmission_package.obj.enc
c:\users\zakrz\desktop\sc\labki\zadanie3\project1\project1\debug\simulator.new.obj.enc
c:\users\zakrz\desktop\sc\labki\zadanie3\project1\project1\debug\wirelessnetwork.obj.enc
c:\users\zakrz\desktop\sc\labki\zadanie3\project1\debug\project1.pdb
c:\users\zakrz\desktop\sc\labki\zadanie3\project1\debug\project1.exe
c:\users\zakrz\desktop\sc\labki\zadanie3\project1\debug\project1.ilk
c:\users\zakrz\desktop\sc\labki\zadanie3\project1\project1\debug\project1.tlog\cl.command.1.tlog
c:\users\zakrz\desktop\sc\labki\zadanie3\project1\project1\debug\project1.tlog\cl.read.1.tlog
c:\users\zakrz\desktop\sc\labki\zadanie3\project1\project1\debug\project1.tlog\cl.write.1.tlog
c:\users\zakrz\desktop\sc\labki\zadanie3\project1\project1\debug\project1.tlog\link.command.1.tlog
c:\users\zakrz\desktop\sc\labki\zadanie3\project1\project1\debug\project1.tlog\link.read.1.tlog
c:\users\zakrz\desktop\sc\labki\zadanie3\project1\project1\debug\project1.tlog\link.write.1.tlog
